<?xml version="1.0" encoding="UTF-8"?>
<testsuite name="com.github.danielrichtersz.entity.EmailTest" tests="4" skipped="0" failures="0" errors="0" timestamp="2018-06-01T09:20:20" hostname="LAPTOP-SVUM57RM" time="0.0">
  <properties/>
  <testcase name="GetEmailTest" classname="com.github.danielrichtersz.entity.EmailTest" time="0.0"/>
  <testcase name="SetEmailTest" classname="com.github.danielrichtersz.entity.EmailTest" time="0.0"/>
  <testcase name="GetIsConfirmedTest" classname="com.github.danielrichtersz.entity.EmailTest" time="0.0"/>
  <testcase name="SetIsConfirmedTest" classname="com.github.danielrichtersz.entity.EmailTest" time="0.0"/>
  <system-out><![CDATA[]]></system-out>
  <system-err><![CDATA[]]></system-err>
</testsuite>
