<?xml version="1.0" encoding="UTF-8"?>
<testsuite name="entity.EmailTest" tests="4" skipped="0" failures="0" errors="0" timestamp="2018-05-06T11:22:18" hostname="LAPTOP-SVUM57RM" time="0.001">
  <properties/>
  <testcase name="GetEmailTest" classname="entity.EmailTest" time="0.0"/>
  <testcase name="SetEmailTest" classname="entity.EmailTest" time="0.0"/>
  <testcase name="GetIsConfirmedTest" classname="entity.EmailTest" time="0.0"/>
  <testcase name="SetIsConfirmedTest" classname="entity.EmailTest" time="0.0"/>
  <system-out><![CDATA[]]></system-out>
  <system-err><![CDATA[]]></system-err>
</testsuite>
