<?xml version="1.0" encoding="UTF-8"?>
<testsuite name="com.github.danielrichtersz.entity.DatabaseTest" tests="1" skipped="0" failures="0" errors="0" timestamp="2018-06-01T09:20:20" hostname="LAPTOP-SVUM57RM" time="0.0">
  <properties/>
  <testcase name="DatabaseTest" classname="com.github.danielrichtersz.entity.DatabaseTest" time="0.0"/>
  <system-out><![CDATA[]]></system-out>
  <system-err><![CDATA[]]></system-err>
</testsuite>
