<?xml version="1.0" encoding="UTF-8"?>
<testsuite name="com.github.danielrichtersz.entity.UserTest" tests="18" skipped="0" failures="0" errors="0" timestamp="2018-05-07T03:47:45" hostname="LAPTOP-SVUM57RM" time="0.007">
  <properties/>
  <testcase name="GetEmailTest" classname="com.github.danielrichtersz.entity.UserTest" time="0.001"/>
  <testcase name="SetFollowersTest" classname="com.github.danielrichtersz.entity.UserTest" time="0.001"/>
  <testcase name="SetUsernameTest" classname="com.github.danielrichtersz.entity.UserTest" time="0.0"/>
  <testcase name="SetInterestsTest" classname="com.github.danielrichtersz.entity.UserTest" time="0.0"/>
  <testcase name="GetFollowingTest" classname="com.github.danielrichtersz.entity.UserTest" time="0.0"/>
  <testcase name="SetProfilePictureURLTest" classname="com.github.danielrichtersz.entity.UserTest" time="0.0"/>
  <testcase name="SetEmailTest" classname="com.github.danielrichtersz.entity.UserTest" time="0.0"/>
  <testcase name="SetFirstNameTest" classname="com.github.danielrichtersz.entity.UserTest" time="0.0"/>
  <testcase name="GetFollowersTest" classname="com.github.danielrichtersz.entity.UserTest" time="0.0"/>
  <testcase name="GetProfilePictureURLTest" classname="com.github.danielrichtersz.entity.UserTest" time="0.0"/>
  <testcase name="GetInterestsTest" classname="com.github.danielrichtersz.entity.UserTest" time="0.0"/>
  <testcase name="GetLastNameTest" classname="com.github.danielrichtersz.entity.UserTest" time="0.0"/>
  <testcase name="GetPasswordTest" classname="com.github.danielrichtersz.entity.UserTest" time="0.0"/>
  <testcase name="GetUsernameTest" classname="com.github.danielrichtersz.entity.UserTest" time="0.0"/>
  <testcase name="SetLastNameTest" classname="com.github.danielrichtersz.entity.UserTest" time="0.0"/>
  <testcase name="SetFollowingTest" classname="com.github.danielrichtersz.entity.UserTest" time="0.0"/>
  <testcase name="GetFirstNameTest" classname="com.github.danielrichtersz.entity.UserTest" time="0.0"/>
  <testcase name="SetPasswordTest" classname="com.github.danielrichtersz.entity.UserTest" time="0.0"/>
  <system-out><![CDATA[]]></system-out>
  <system-err><![CDATA[]]></system-err>
</testsuite>
