<?xml version="1.0" encoding="UTF-8"?>
<testsuite name="com.github.danielrichtersz.entity.DatabaseTest" tests="1" skipped="0" failures="0" errors="0" timestamp="2018-05-07T03:47:45" hostname="LAPTOP-SVUM57RM" time="0.002">
  <properties/>
  <testcase name="DatabaseTest" classname="com.github.danielrichtersz.entity.DatabaseTest" time="0.002"/>
  <system-out><![CDATA[]]></system-out>
  <system-err><![CDATA[]]></system-err>
</testsuite>
