<?xml version="1.0" encoding="UTF-8"?>
<testsuite name="EmailTest" tests="4" skipped="0" failures="0" errors="0" timestamp="2018-04-15T10:57:12" hostname="LAPTOP-SVUM57RM" time="0.001">
  <properties/>
  <testcase name="GetEmailTest" classname="EmailTest" time="0.0"/>
  <testcase name="SetEmailTest" classname="EmailTest" time="0.0"/>
  <testcase name="GetIsConfirmedTest" classname="EmailTest" time="0.0"/>
  <testcase name="SetIsConfirmedTest" classname="EmailTest" time="0.0"/>
  <system-out><![CDATA[]]></system-out>
  <system-err><![CDATA[]]></system-err>
</testsuite>
