<?xml version="1.0" encoding="UTF-8"?>
<testsuite name="UserTest" tests="18" skipped="0" failures="0" errors="0" timestamp="2018-04-15T10:57:12" hostname="LAPTOP-SVUM57RM" time="0.016">
  <properties/>
  <testcase name="GetEmailTest" classname="UserTest" time="0.002"/>
  <testcase name="SetFollowersTest" classname="UserTest" time="0.0"/>
  <testcase name="SetUsernameTest" classname="UserTest" time="0.003"/>
  <testcase name="SetInterestsTest" classname="UserTest" time="0.001"/>
  <testcase name="GetFollowingTest" classname="UserTest" time="0.0"/>
  <testcase name="SetProfilePictureURLTest" classname="UserTest" time="0.0"/>
  <testcase name="SetEmailTest" classname="UserTest" time="0.0"/>
  <testcase name="SetFirstNameTest" classname="UserTest" time="0.0"/>
  <testcase name="GetFollowersTest" classname="UserTest" time="0.0"/>
  <testcase name="GetProfilePictureURLTest" classname="UserTest" time="0.0"/>
  <testcase name="GetInterestsTest" classname="UserTest" time="0.001"/>
  <testcase name="GetLastNameTest" classname="UserTest" time="0.0"/>
  <testcase name="GetPasswordTest" classname="UserTest" time="0.0"/>
  <testcase name="GetUsernameTest" classname="UserTest" time="0.0"/>
  <testcase name="SetLastNameTest" classname="UserTest" time="0.0"/>
  <testcase name="SetFollowingTest" classname="UserTest" time="0.001"/>
  <testcase name="GetFirstNameTest" classname="UserTest" time="0.0"/>
  <testcase name="SetPasswordTest" classname="UserTest" time="0.0"/>
  <system-out><![CDATA[]]></system-out>
  <system-err><![CDATA[]]></system-err>
</testsuite>
