<?xml version="1.0" encoding="UTF-8"?>
<testsuite name="entity.TweetTest" tests="8" skipped="0" failures="0" errors="0" timestamp="2018-05-06T11:22:18" hostname="LAPTOP-SVUM57RM" time="0.002">
  <properties/>
  <testcase name="SetDate" classname="entity.TweetTest" time="0.0"/>
  <testcase name="SetType" classname="entity.TweetTest" time="0.001"/>
  <testcase name="GetMessage" classname="entity.TweetTest" time="0.0"/>
  <testcase name="SetOwner" classname="entity.TweetTest" time="0.0"/>
  <testcase name="GetDate" classname="entity.TweetTest" time="0.0"/>
  <testcase name="GetType" classname="entity.TweetTest" time="0.0"/>
  <testcase name="SetMessage" classname="entity.TweetTest" time="0.0"/>
  <testcase name="GetOwner" classname="entity.TweetTest" time="0.0"/>
  <system-out><![CDATA[]]></system-out>
  <system-err><![CDATA[]]></system-err>
</testsuite>
