<?xml version="1.0" encoding="UTF-8"?>
<testsuite name="entity.DatabaseTest" tests="1" skipped="0" failures="0" errors="0" timestamp="2018-05-06T11:22:18" hostname="LAPTOP-SVUM57RM" time="0.003">
  <properties/>
  <testcase name="DatabaseTest" classname="entity.DatabaseTest" time="0.003"/>
  <system-out><![CDATA[]]></system-out>
  <system-err><![CDATA[]]></system-err>
</testsuite>
