<?xml version="1.0" encoding="UTF-8"?>
<testsuite name="TweetTest" tests="8" skipped="0" failures="0" errors="0" timestamp="2018-04-15T10:57:12" hostname="LAPTOP-SVUM57RM" time="0.001">
  <properties/>
  <testcase name="SetDate" classname="TweetTest" time="0.0"/>
  <testcase name="SetType" classname="TweetTest" time="0.0"/>
  <testcase name="GetMessage" classname="TweetTest" time="0.0"/>
  <testcase name="SetOwner" classname="TweetTest" time="0.0"/>
  <testcase name="GetDate" classname="TweetTest" time="0.0"/>
  <testcase name="GetType" classname="TweetTest" time="0.0"/>
  <testcase name="SetMessage" classname="TweetTest" time="0.0"/>
  <testcase name="GetOwner" classname="TweetTest" time="0.0"/>
  <system-out><![CDATA[]]></system-out>
  <system-err><![CDATA[]]></system-err>
</testsuite>
